#-------------------------------------------------------------------------------
#
#          SpiNNaker board management processor code - version notes
#
#-------------------------------------------------------------------------------

version 2.1.2 - 30/08/2018 - bug fixing

bug fix:

* fixes non-atomic accesses to the event queues
  which caused BMP crashes

#-------------------------------------------------------------------------------

version 2.1.1 - 18/01/2018 - code style reformatting

new features:

* version split from spinnaker_tools version
* extensive code style reformatting (no functional changes)

#-------------------------------------------------------------------------------

version 2.1.0 - 22/04/2016 - tracking spinnaker_tools version

#-------------------------------------------------------------------------------

version 2.0.0 - 22/12/2015 - introduction of semantic versioning

New Features:

* version numbers use the semantic version style (major.minor.patch)
* version tied to spiNnnaker_tools version

#-------------------------------------------------------------------------------
